<?xml version="1.0" encoding="UTF-8"?>
<!-- Generated by org.testng.reporters.JUnitXMLReporter -->
<testsuite hostname="GLB7293" name="Default test(failed)" tests="1" failures="0" timestamp="11 Jul 2012 19:00:03 GMT" time="0.011" errors="0">
  <testcase name="@BeforeSuite BeforeSuite" time="0.0" classname="demo.test.TourPageTest">
    <failure type="java.lang.NullPointerException" message="Name is null">
      <![CDATA[java.lang.NullPointerException: Name is null
	at java.lang.Enum.valueOf(Unknown Source)
	at com.globant.app.core.GlobDriver$browsers.valueOf(GlobDriver.java:59)
	at com.globant.app.core.GlobDriver.tearUp(GlobDriver.java:235)
	at demo.test.TourPageTest.BeforeSuite(TourPageTest.java:39)
... Removed 18 stack frames]]>
    </failure>
  </testcase> <!-- @BeforeSuite BeforeSuite -->
  <testcase name="SignIn" time="0.0010" classname="demo.test.TourPageTest">
    <skipped/>
  </testcase> <!-- SignIn -->
</testsuite> <!-- Default test(failed) -->
