<?xml version="1.0" encoding="UTF-8"?>
<!-- Generated by org.testng.reporters.JUnitXMLReporter -->
<testsuite hostname="GLB7310" name="Smoke(failed)" tests="1" failures="1" timestamp="9 Aug 2012 21:09:23 GMT" time="6.172" errors="0">
  <testcase name="loginTest" time="6.0" classname="demo.test.TourSmoke">
    <failure type="java.lang.AssertionError" message="expected [true] but found [false]">
      <![CDATA[java.lang.AssertionError: expected [true] but found [false]
	at demo.test.TourSmoke.loginTest(TourSmoke.java:38)
... Removed 28 stack frames]]>
    </failure>
  </testcase> <!-- loginTest -->
</testsuite> <!-- Smoke(failed) -->
