<?xml version="1.0" encoding="UTF-8"?>
<testng-results skipped="0" failed="0" total="1" passed="1">
  <reporter-output>
  </reporter-output>
  <suite name="Execution" duration-ms="6078" started-at="2012-08-09T21:16:30Z" finished-at="2012-08-09T21:16:36Z">
    <groups>
    </groups>
    <test name="Smoke" duration-ms="6078" started-at="2012-08-09T21:16:30Z" finished-at="2012-08-09T21:16:36Z">
      <class name="demo.test.TourSmoke">
        <test-method status="PASS" signature="BeforeSuite(org.testng.ITestContext)[pri:0, instance:demo.test.TourSmoke@1fdff07]" name="BeforeSuite" is-config="true" duration-ms="7171" started-at="2012-08-09T18:16:23Z" finished-at="2012-08-09T18:16:30Z">
          <params>
            <param index="0">
              <value>
                <![CDATA[org.testng.TestRunner@17baed8]]>
              </value>
            </param>
          </params>
          <reporter-output>
          </reporter-output>
        </test-method> <!-- BeforeSuite -->
        <test-method status="PASS" signature="loginTest()[pri:0, instance:demo.test.TourSmoke@1fdff07]" name="loginTest" duration-ms="6078" started-at="2012-08-09T18:16:30Z" finished-at="2012-08-09T18:16:36Z">
          <reporter-output>
          </reporter-output>
        </test-method> <!-- loginTest -->
        <test-method status="PASS" signature="afterSuite()[pri:0, instance:demo.test.TourSmoke@1fdff07]" name="afterSuite" is-config="true" duration-ms="375" started-at="2012-08-09T18:16:37Z" finished-at="2012-08-09T18:16:37Z">
          <reporter-output>
          </reporter-output>
        </test-method> <!-- afterSuite -->
      </class> <!-- demo.test.TourSmoke -->
    </test> <!-- Smoke -->
  </suite> <!-- Execution -->
</testng-results>
